mode: set
gitlab.com/jlamb85/bookings/cmd/web/main.go:23.13,26.16 2 0
gitlab.com/jlamb85/bookings/cmd/web/main.go:26.16,28.3 1 0
gitlab.com/jlamb85/bookings/cmd/web/main.go:30.2,38.16 4 0
gitlab.com/jlamb85/bookings/cmd/web/main.go:38.16,40.3 1 0
gitlab.com/jlamb85/bookings/cmd/web/main.go:43.18,60.16 10 1
gitlab.com/jlamb85/bookings/cmd/web/main.go:60.16,63.3 2 0
gitlab.com/jlamb85/bookings/cmd/web/main.go:65.2,73.12 6 1
gitlab.com/jlamb85/bookings/cmd/web/middleware.go:10.45,20.2 3 1
gitlab.com/jlamb85/bookings/cmd/web/middleware.go:23.50,25.2 1 1
gitlab.com/jlamb85/bookings/cmd/web/routes.go:12.49,38.2 18 1
